[2025-02-21 15:03:03]--[src_cgi/dealfile_cgi.c:42]--mysql:[user=root,pwd=123,database=cloud_disk][2025-02-21 15:03:03]--[src_cgi/dealfile_cgi.c:47]--redis:[ip=127.0.0.1,port=6379]
[2025-02-21 15:05:42]--[src_cgi/dealfile_cgi.c:695]--cmd = pv
[2025-02-21 15:05:42]--[src_cgi/dealfile_cgi.c:727]--buf = {
    "filename": "VCG211250150369.jpg",
    "md5": "f24b4c32c342d06c0747f1a801c46465",
    "token": "19d75c77a5e9be67b450bedf98ad438a",
    "user": "ke6"
}

[2025-02-21 15:05:42]--[src_cgi/dealfile_cgi.c:730]--user = ke6, token = 19d75c77a5e9be67b450bedf98ad438a, md5 = f24b4c32c342d06c0747f1a801c46465, filename = VCG211250150369.jpg
[2025-02-21 15:06:30]--[src_cgi/dealfile_cgi.c:695]--cmd = share
[2025-02-21 15:06:30]--[src_cgi/dealfile_cgi.c:727]--buf = {
    "filename": "VCG211250150369.jpg",
    "md5": "f24b4c32c342d06c0747f1a801c46465",
    "token": "19d75c77a5e9be67b450bedf98ad438a",
    "user": "ke6"
}

[2025-02-21 15:06:30]--[src_cgi/dealfile_cgi.c:730]--user = ke6, token = 19d75c77a5e9be67b450bedf98ad438a, md5 = f24b4c32c342d06c0747f1a801c46465, filename = VCG211250150369.jpg
[2025-02-21 23:41:53]--[src_cgi/dealfile_cgi.c:42]--mysql:[user=root,pwd=123,database=cloud_disk][2025-02-21 23:41:53]--[src_cgi/dealfile_cgi.c:47]--redis:[ip=127.0.0.1,port=6379]
[2025-02-21 23:44:34]--[src_cgi/dealfile_cgi.c:42]--mysql:[user=root,pwd=123,database=cloud_disk][2025-02-21 23:44:34]--[src_cgi/dealfile_cgi.c:47]--redis:[ip=127.0.0.1,port=6379]
[2025-02-21 23:58:44]--[src_cgi/dealfile_cgi.c:42]--mysql:[user=root,pwd=123,database=cloud_disk][2025-02-21 23:58:44]--[src_cgi/dealfile_cgi.c:47]--redis:[ip=127.0.0.1,port=6379]
