[2025-02-22 00:13:13]--[src_cgi/login_cgi.c:288]--buf = {
    "pwd": "e10adc3949ba59abbe56e057f20f883e",
    "user": "ke6"
}

[2025-02-22 00:13:13]--[src_cgi/login_cgi.c:294]--user = ke6, pwd = e10adc3949ba59abbe56e057f20f883e
[2025-02-22 00:13:13]--[src_cgi/login_cgi.c:101]--mysql_user = root, mysql_pwd = 123, mysql_db = cloud_disk
[2025-02-22 00:13:13]--[src_cgi/login_cgi.c:161]--redis:[ip=127.0.0.1,port=6379]
[2025-02-22 00:13:13]--[src_cgi/login_cgi.c:185]--tmp = ke6482524124957
[2025-02-22 00:13:13]--[src_cgi/login_cgi.c:201]--base64 = SYuHFqRcbKn5L7Dy7NkoVg==
[2025-02-22 00:13:13]--[src_cgi/login_cgi.c:303]--token = 64932c6dec11704063909782e945fe25
[2025-02-22 00:14:32]--[src_cgi/login_cgi.c:288]--buf = {
    "pwd": "e10adc3949ba59abbe56e057f20f883e",
    "user": "zb"
}

[2025-02-22 00:14:32]--[src_cgi/login_cgi.c:294]--user = zb, pwd = e10adc3949ba59abbe56e057f20f883e
[2025-02-22 00:14:32]--[src_cgi/login_cgi.c:101]--mysql_user = root, mysql_pwd = 123, mysql_db = cloud_disk
[2025-02-22 00:14:32]--[src_cgi/login_cgi.c:161]--redis:[ip=127.0.0.1,port=6379]
[2025-02-22 00:14:32]--[src_cgi/login_cgi.c:185]--tmp = zb373964136728
[2025-02-22 00:14:32]--[src_cgi/login_cgi.c:201]--base64 = fK+0YQzxSPcHGov4XwXvDg==
[2025-02-22 00:14:32]--[src_cgi/login_cgi.c:303]--token = 6b77ed1af05767dcea8e1bdf0cc95aab
[2025-02-22 00:19:05]--[src_cgi/login_cgi.c:288]--buf = {
    "pwd": "e10adc3949ba59abbe56e057f20f883e",
    "user": "zb"
}

[2025-02-22 00:19:05]--[src_cgi/login_cgi.c:294]--user = zb, pwd = e10adc3949ba59abbe56e057f20f883e
[2025-02-22 00:19:05]--[src_cgi/login_cgi.c:101]--mysql_user = root, mysql_pwd = 123, mysql_db = cloud_disk
[2025-02-22 00:19:05]--[src_cgi/login_cgi.c:161]--redis:[ip=127.0.0.1,port=6379]
[2025-02-22 00:19:05]--[src_cgi/login_cgi.c:185]--tmp = zb261447545205
[2025-02-22 00:19:05]--[src_cgi/login_cgi.c:201]--base64 = eK+02Q1mnijNLMXecT/6sw==
[2025-02-22 00:19:05]--[src_cgi/login_cgi.c:303]--token = 26381b6b6903538e71a17da5451fec58
[2025-02-22 00:20:33]--[src_cgi/login_cgi.c:275]--len = 0, No data from standard input
[2025-02-22 00:22:09]--[src_cgi/login_cgi.c:288]--buf = {
    "pwd": "e10adc3949ba59abbe56e057f20f883e",
    "user": "zb"
}

[2025-02-22 00:22:09]--[src_cgi/login_cgi.c:294]--user = zb, pwd = e10adc3949ba59abbe56e057f20f883e
[2025-02-22 00:22:09]--[src_cgi/login_cgi.c:101]--mysql_user = root, mysql_pwd = 123, mysql_db = cloud_disk
[2025-02-22 00:22:09]--[src_cgi/login_cgi.c:161]--redis:[ip=127.0.0.1,port=6379]
[2025-02-22 00:22:09]--[src_cgi/login_cgi.c:185]--tmp = zb2049549149
[2025-02-22 00:22:09]--[src_cgi/login_cgi.c:201]--base64 = 39JW8N2rbgYNHgdvAgpZ6w==
[2025-02-22 00:22:09]--[src_cgi/login_cgi.c:303]--token = 54f9849d7107c2a4fe956402a25bb4f3
[2025-02-22 00:26:09]--[src_cgi/login_cgi.c:288]--buf = {
    "pwd": "e10adc3949ba59abbe56e057f20f883e",
    "user": "zb"
}

[2025-02-22 00:26:09]--[src_cgi/login_cgi.c:294]--user = zb, pwd = e10adc3949ba59abbe56e057f20f883e
[2025-02-22 00:26:09]--[src_cgi/login_cgi.c:101]--mysql_user = root, mysql_pwd = 123, mysql_db = cloud_disk
[2025-02-22 00:26:09]--[src_cgi/login_cgi.c:161]--redis:[ip=127.0.0.1,port=6379]
[2025-02-22 00:26:09]--[src_cgi/login_cgi.c:185]--tmp = zb468876930393
[2025-02-22 00:26:09]--[src_cgi/login_cgi.c:201]--base64 = HXyQFIJaqK73huAuS4IGdw==
[2025-02-22 00:26:09]--[src_cgi/login_cgi.c:303]--token = 54990c82f5ed094ee958fe8f13109500
[2025-02-22 00:28:33]--[src_cgi/login_cgi.c:288]--buf = {
    "pwd": "e10adc3949ba59abbe56e057f20f883e",
    "user": "zhangbo"
}

[2025-02-22 00:28:33]--[src_cgi/login_cgi.c:294]--user = zhangbo, pwd = e10adc3949ba59abbe56e057f20f883e
[2025-02-22 00:28:33]--[src_cgi/login_cgi.c:101]--mysql_user = root, mysql_pwd = 123, mysql_db = cloud_disk
[2025-02-22 00:28:33]--[src_cgi/login_cgi.c:161]--redis:[ip=127.0.0.1,port=6379]
[2025-02-22 00:28:33]--[src_cgi/login_cgi.c:185]--tmp = zhangbo716806591585
[2025-02-22 00:28:33]--[src_cgi/login_cgi.c:201]--base64 = 5gKvsE2khzktZFSpWDzMz2pvK6RL57GH
[2025-02-22 00:28:33]--[src_cgi/login_cgi.c:303]--token = 46e67379116f21f4b1fd8bc4a0c1085a
[2025-02-22 00:32:33]--[src_cgi/login_cgi.c:288]--buf = {
    "pwd": "e10adc3949ba59abbe56e057f20f883e",
    "user": "zhangbo"
}

[2025-02-22 00:32:33]--[src_cgi/login_cgi.c:294]--user = zhangbo, pwd = e10adc3949ba59abbe56e057f20f883e
[2025-02-22 00:32:33]--[src_cgi/login_cgi.c:101]--mysql_user = root, mysql_pwd = 123, mysql_db = cloud_disk
[2025-02-22 00:32:33]--[src_cgi/login_cgi.c:161]--redis:[ip=127.0.0.1,port=6379]
[2025-02-22 00:32:33]--[src_cgi/login_cgi.c:185]--tmp = zhangbo709593202474
[2025-02-22 00:32:33]--[src_cgi/login_cgi.c:201]--base64 = 5gKvsE2khznThuUmLiSrwGyAD8ub6p+5
[2025-02-22 00:32:33]--[src_cgi/login_cgi.c:303]--token = 773ca7c7d08d702835964921ea11eb29
[2025-02-22 00:34:53]--[src_cgi/login_cgi.c:288]--buf = {
    "pwd": "e10adc3949ba59abbe56e057f20f883e",
    "user": "zhangbo"
}

[2025-02-22 00:34:53]--[src_cgi/login_cgi.c:294]--user = zhangbo, pwd = e10adc3949ba59abbe56e057f20f883e
[2025-02-22 00:34:53]--[src_cgi/login_cgi.c:101]--mysql_user = root, mysql_pwd = 123, mysql_db = cloud_disk
[2025-02-22 00:34:53]--[src_cgi/login_cgi.c:161]--redis:[ip=127.0.0.1,port=6379]
[2025-02-22 00:34:53]--[src_cgi/login_cgi.c:185]--tmp = zhangbo4273644883
[2025-02-22 00:34:53]--[src_cgi/login_cgi.c:201]--base64 = hYlzeM4wgn1bavC/DHbkr67DEUAkWTSv
[2025-02-22 00:34:53]--[src_cgi/login_cgi.c:303]--token = 3e963b7699a7f11830610984e8ddafdb
[2025-02-22 00:47:34]--[src_cgi/login_cgi.c:288]--buf = {
    "pwd": "e10adc3949ba59abbe56e057f20f883e",
    "user": "zb"
}

[2025-02-22 00:47:34]--[src_cgi/login_cgi.c:294]--user = zb, pwd = e10adc3949ba59abbe56e057f20f883e
[2025-02-22 00:47:34]--[src_cgi/login_cgi.c:101]--mysql_user = root, mysql_pwd = 123, mysql_db = cloud_disk
[2025-02-22 00:47:34]--[src_cgi/login_cgi.c:161]--redis:[ip=127.0.0.1,port=6379]
[2025-02-22 00:47:34]--[src_cgi/login_cgi.c:185]--tmp = zb506784638963
[2025-02-22 00:47:34]--[src_cgi/login_cgi.c:201]--base64 = BpQy//PfyhecKJTXpr96xQ==
[2025-02-22 00:47:34]--[src_cgi/login_cgi.c:303]--token = 7f320b354a3c9e63ceb8d17f366dde9f
[2025-02-22 01:00:18]--[src_cgi/login_cgi.c:288]--buf = {
    "pwd": "e10adc3949ba59abbe56e057f20f883e",
    "user": "zb"
}

[2025-02-22 01:00:18]--[src_cgi/login_cgi.c:294]--user = zb, pwd = e10adc3949ba59abbe56e057f20f883e
[2025-02-22 01:00:18]--[src_cgi/login_cgi.c:101]--mysql_user = root, mysql_pwd = 123, mysql_db = cloud_disk
[2025-02-22 01:00:18]--[src_cgi/login_cgi.c:161]--redis:[ip=127.0.0.1,port=6379]
[2025-02-22 01:00:18]--[src_cgi/login_cgi.c:185]--tmp = zb324187625459
[2025-02-22 01:00:18]--[src_cgi/login_cgi.c:201]--base64 = CBiJsXb62dlMVOpw9R4D/A==
[2025-02-22 01:00:18]--[src_cgi/login_cgi.c:303]--token = b5cde130c65860ae1c01928ef75bd61a
[2025-02-22 01:13:15]--[src_cgi/login_cgi.c:288]--buf = {
    "pwd": "e10adc3949ba59abbe56e057f20f883e",
    "user": "zb"
}

[2025-02-22 01:13:15]--[src_cgi/login_cgi.c:294]--user = zb, pwd = e10adc3949ba59abbe56e057f20f883e
[2025-02-22 01:13:15]--[src_cgi/login_cgi.c:101]--mysql_user = root, mysql_pwd = 123, mysql_db = cloud_disk
[2025-02-22 01:13:15]--[src_cgi/login_cgi.c:161]--redis:[ip=127.0.0.1,port=6379]
[2025-02-22 01:13:15]--[src_cgi/login_cgi.c:185]--tmp = zb280672157524
[2025-02-22 01:13:15]--[src_cgi/login_cgi.c:201]--base64 = 37BWDLArJZeg9/Q19Cl8SA==
[2025-02-22 01:13:15]--[src_cgi/login_cgi.c:303]--token = 7846ab795fd43e8f204fac0e1902d868
[2025-02-22 01:16:15]--[src_cgi/login_cgi.c:288]--buf = {
    "pwd": "e10adc3949ba59abbe56e057f20f883e",
    "user": "zb"
}

[2025-02-22 01:16:15]--[src_cgi/login_cgi.c:294]--user = zb, pwd = e10adc3949ba59abbe56e057f20f883e
[2025-02-22 01:16:15]--[src_cgi/login_cgi.c:101]--mysql_user = root, mysql_pwd = 123, mysql_db = cloud_disk
[2025-02-22 01:16:15]--[src_cgi/login_cgi.c:161]--redis:[ip=127.0.0.1,port=6379]
[2025-02-22 01:16:15]--[src_cgi/login_cgi.c:185]--tmp = zb49313397565
[2025-02-22 01:16:15]--[src_cgi/login_cgi.c:201]--base64 = uHGGhlyS83L+GZgLdfqJyQ==
[2025-02-22 01:16:15]--[src_cgi/login_cgi.c:303]--token = 68e2a16b466d40b0cabaf26e2d8d503c
[2025-02-22 01:18:29]--[src_cgi/login_cgi.c:288]--buf = {
    "pwd": "e10adc3949ba59abbe56e057f20f883e",
    "user": "zb"
}

[2025-02-22 01:18:29]--[src_cgi/login_cgi.c:294]--user = zb, pwd = e10adc3949ba59abbe56e057f20f883e
[2025-02-22 01:18:29]--[src_cgi/login_cgi.c:101]--mysql_user = root, mysql_pwd = 123, mysql_db = cloud_disk
[2025-02-22 01:18:29]--[src_cgi/login_cgi.c:161]--redis:[ip=127.0.0.1,port=6379]
[2025-02-22 01:18:29]--[src_cgi/login_cgi.c:185]--tmp = zb498914549
[2025-02-22 01:18:29]--[src_cgi/login_cgi.c:201]--base64 = qaybKVNpaBQoOGLmfdFd4Q==
[2025-02-22 01:18:29]--[src_cgi/login_cgi.c:303]--token = 46944b387830abb3cfeb61df2d8a0f34
[2025-02-22 01:44:48]--[src_cgi/login_cgi.c:288]--buf = {
    "pwd": "d41d8cd98f00b204e9800998ecf8427e",
    "user": ""
}

[2025-02-22 01:44:48]--[src_cgi/login_cgi.c:294]--user = , pwd = d41d8cd98f00b204e9800998ecf8427e
[2025-02-22 01:44:48]--[src_cgi/login_cgi.c:101]--mysql_user = root, mysql_pwd = 123, mysql_db = cloud_disk
[2025-02-22 01:45:03]--[src_cgi/login_cgi.c:288]--buf = {
    "pwd": "e10adc3949ba59abbe56e057f20f883e",
    "user": "zhangbo"
}

[2025-02-22 01:45:03]--[src_cgi/login_cgi.c:294]--user = zhangbo, pwd = e10adc3949ba59abbe56e057f20f883e
[2025-02-22 01:45:03]--[src_cgi/login_cgi.c:101]--mysql_user = root, mysql_pwd = 123, mysql_db = cloud_disk
[2025-02-22 01:45:03]--[src_cgi/login_cgi.c:161]--redis:[ip=127.0.0.1,port=6379]
[2025-02-22 01:45:03]--[src_cgi/login_cgi.c:185]--tmp = zhangbo977745254767
[2025-02-22 01:45:03]--[src_cgi/login_cgi.c:201]--base64 = 9iJZVeZw0l3dYZs9N1ERHFZB6xYwgu2k
[2025-02-22 01:45:03]--[src_cgi/login_cgi.c:303]--token = fdf57bc529c6477af6307d5495f25ccb
[2025-02-22 01:58:33]--[src_cgi/login_cgi.c:288]--buf = {
    "pwd": "e10adc3949ba59abbe56e057f20f883e",
    "user": "kevin_6662"
}

[2025-02-22 01:58:33]--[src_cgi/login_cgi.c:294]--user = kevin_6662, pwd = e10adc3949ba59abbe56e057f20f883e
[2025-02-22 01:58:33]--[src_cgi/login_cgi.c:101]--mysql_user = root, mysql_pwd = 123, mysql_db = cloud_disk
[2025-02-22 01:58:38]--[src_cgi/login_cgi.c:288]--buf = {
    "pwd": "e10adc3949ba59abbe56e057f20f883e",
    "user": "kevin_6662"
}

[2025-02-22 01:58:38]--[src_cgi/login_cgi.c:294]--user = kevin_6662, pwd = e10adc3949ba59abbe56e057f20f883e
[2025-02-22 01:58:38]--[src_cgi/login_cgi.c:101]--mysql_user = root, mysql_pwd = 123, mysql_db = cloud_disk
[2025-02-22 02:00:19]--[src_cgi/login_cgi.c:288]--buf = {
    "pwd": "e10adc3949ba59abbe56e057f20f883e",
    "user": "zhangboo"
}

[2025-02-22 02:00:19]--[src_cgi/login_cgi.c:294]--user = zhangboo, pwd = e10adc3949ba59abbe56e057f20f883e
[2025-02-22 02:00:19]--[src_cgi/login_cgi.c:101]--mysql_user = root, mysql_pwd = 123, mysql_db = cloud_disk
[2025-02-22 02:00:19]--[src_cgi/login_cgi.c:161]--redis:[ip=127.0.0.1,port=6379]
[2025-02-22 02:00:19]--[src_cgi/login_cgi.c:185]--tmp = zhangboo358700631818
[2025-02-22 02:00:19]--[src_cgi/login_cgi.c:201]--base64 = z+EB/8WR8/4BdxnmedQ8H1f/tgsBwpiE
[2025-02-22 02:00:19]--[src_cgi/login_cgi.c:303]--token = 11b567d1a88ba285bea292524cfc3406
[2025-02-22 09:14:46]--[src_cgi/login_cgi.c:288]--buf = {
    "pwd": "e10adc3949ba59abbe56e057f20f883e",
    "user": "zhangboo"
}

[2025-02-22 09:14:46]--[src_cgi/login_cgi.c:294]--user = zhangboo, pwd = e10adc3949ba59abbe56e057f20f883e
[2025-02-22 09:14:46]--[src_cgi/login_cgi.c:101]--mysql_user = root, mysql_pwd = 123, mysql_db = cloud_disk
[2025-02-22 09:14:46]--[src_cgi/login_cgi.c:161]--redis:[ip=127.0.0.1,port=6379]
[2025-02-22 09:14:46]--[src_cgi/login_cgi.c:185]--tmp = zhangboo741207720574
[2025-02-22 09:14:46]--[src_cgi/login_cgi.c:201]--base64 = z+EB/8WR8/4S3aQfhl0QabwRe9JVlJeI
[2025-02-22 09:14:46]--[src_cgi/login_cgi.c:303]--token = 8ab3f24bf5fcc1603d649f4bacf5f219
[2025-02-22 09:15:40]--[src_cgi/login_cgi.c:288]--buf = {
    "pwd": "e10adc3949ba59abbe56e057f20f883e",
    "user": "ke6"
}

[2025-02-22 09:15:40]--[src_cgi/login_cgi.c:294]--user = ke6, pwd = e10adc3949ba59abbe56e057f20f883e
[2025-02-22 09:15:40]--[src_cgi/login_cgi.c:101]--mysql_user = root, mysql_pwd = 123, mysql_db = cloud_disk
[2025-02-22 09:15:40]--[src_cgi/login_cgi.c:161]--redis:[ip=127.0.0.1,port=6379]
[2025-02-22 09:15:40]--[src_cgi/login_cgi.c:185]--tmp = ke6593796979496
[2025-02-22 09:15:40]--[src_cgi/login_cgi.c:201]--base64 = 23X6jL2tLB+Z6YTRGZVZAg==
[2025-02-22 09:15:40]--[src_cgi/login_cgi.c:303]--token = d0049cca8d9c9e3dd69d507fefdec807
