[2025-02-21 15:04:22]--[src_cgi/login_cgi.c:288]--buf = {
    "pwd": "e10adc3949ba59abbe56e057f20f883e",
    "user": "ke6"
}

[2025-02-21 15:04:22]--[src_cgi/login_cgi.c:294]--user = ke6, pwd = e10adc3949ba59abbe56e057f20f883e
[2025-02-21 15:04:22]--[src_cgi/login_cgi.c:101]--mysql_user = root, mysql_pwd = 123, mysql_db = cloud_disk
[2025-02-21 15:04:22]--[src_cgi/login_cgi.c:161]--redis:[ip=127.0.0.1,port=6379]
[2025-02-21 15:04:22]--[src_cgi/login_cgi.c:185]--tmp = ke636565328831
[2025-02-21 15:04:22]--[src_cgi/login_cgi.c:201]--base64 = LOJCahOx0fGJAc16OUU2bQ==
[2025-02-21 15:04:22]--[src_cgi/login_cgi.c:303]--token = 19d75c77a5e9be67b450bedf98ad438a
[2025-02-21 15:07:10]--[src_cgi/login_cgi.c:288]--buf = {
    "pwd": "e10adc3949ba59abbe56e057f20f883e",
    "user": "ke6"
}

[2025-02-21 15:07:10]--[src_cgi/login_cgi.c:294]--user = ke6, pwd = e10adc3949ba59abbe56e057f20f883e
[2025-02-21 15:07:10]--[src_cgi/login_cgi.c:101]--mysql_user = root, mysql_pwd = 123, mysql_db = cloud_disk
[2025-02-21 15:07:10]--[src_cgi/login_cgi.c:161]--redis:[ip=127.0.0.1,port=6379]
[2025-02-21 15:07:10]--[src_cgi/login_cgi.c:185]--tmp = ke61574820175
[2025-02-21 15:07:10]--[src_cgi/login_cgi.c:201]--base64 = b3/3IzzfZRL2guA/eUGsvQ==
[2025-02-21 15:07:10]--[src_cgi/login_cgi.c:303]--token = d566d3f6bb1103d595aa0d824fdc03c2
[2025-02-21 16:55:32]--[src_cgi/login_cgi.c:288]--buf = {
    "pwd": "e10adc3949ba59abbe56e057f20f883e",
    "user": "ke6"
}

[2025-02-21 16:55:32]--[src_cgi/login_cgi.c:294]--user = ke6, pwd = e10adc3949ba59abbe56e057f20f883e
[2025-02-21 16:55:32]--[src_cgi/login_cgi.c:101]--mysql_user = root, mysql_pwd = 123, mysql_db = cloud_disk
[2025-02-21 16:55:32]--[src_cgi/login_cgi.c:161]--redis:[ip=127.0.0.1,port=6379]
[2025-02-21 16:55:32]--[src_cgi/login_cgi.c:185]--tmp = ke6961448962801
[2025-02-21 16:55:32]--[src_cgi/login_cgi.c:201]--base64 = BQAdPEo7rauf+qVA/DDGCw==
[2025-02-21 16:55:32]--[src_cgi/login_cgi.c:303]--token = 2ebe1d11d75df83adab516427857aed3
[2025-02-21 17:29:23]--[src_cgi/login_cgi.c:288]--buf = {
    "pwd": "e10adc3949ba59abbe56e057f20f883e",
    "user": "ke6"
}

[2025-02-21 17:29:23]--[src_cgi/login_cgi.c:294]--user = ke6, pwd = e10adc3949ba59abbe56e057f20f883e
[2025-02-21 17:29:23]--[src_cgi/login_cgi.c:101]--mysql_user = root, mysql_pwd = 123, mysql_db = cloud_disk
[2025-02-21 17:29:23]--[src_cgi/login_cgi.c:161]--redis:[ip=127.0.0.1,port=6379]
[2025-02-21 17:29:23]--[src_cgi/login_cgi.c:185]--tmp = ke622063837422
[2025-02-21 17:29:23]--[src_cgi/login_cgi.c:201]--base64 = z6imI/u6lR0jX0Eh4SndDw==
[2025-02-21 17:29:23]--[src_cgi/login_cgi.c:303]--token = abfbe83856e2e00fd7c58b6756e355f6
[2025-02-21 17:34:01]--[src_cgi/login_cgi.c:288]--buf = {
    "pwd": "e10adc3949ba59abbe56e057f20f883e",
    "user": "ke6"
}

[2025-02-21 17:34:01]--[src_cgi/login_cgi.c:294]--user = ke6, pwd = e10adc3949ba59abbe56e057f20f883e
[2025-02-21 17:34:01]--[src_cgi/login_cgi.c:101]--mysql_user = root, mysql_pwd = 123, mysql_db = cloud_disk
[2025-02-21 17:34:01]--[src_cgi/login_cgi.c:161]--redis:[ip=127.0.0.1,port=6379]
[2025-02-21 17:34:01]--[src_cgi/login_cgi.c:185]--tmp = ke6796106461127
[2025-02-21 17:34:01]--[src_cgi/login_cgi.c:201]--base64 = 5JaqUF7p6tFXoPOKhdvblg==
[2025-02-21 17:34:01]--[src_cgi/login_cgi.c:303]--token = d81125b5580545bb781b2f9041c0ec33
[2025-02-21 17:37:07]--[src_cgi/login_cgi.c:288]--buf = {
    "pwd": "e10adc3949ba59abbe56e057f20f883e",
    "user": "ke6"
}

[2025-02-21 17:37:07]--[src_cgi/login_cgi.c:294]--user = ke6, pwd = e10adc3949ba59abbe56e057f20f883e
[2025-02-21 17:37:07]--[src_cgi/login_cgi.c:101]--mysql_user = root, mysql_pwd = 123, mysql_db = cloud_disk
[2025-02-21 17:37:07]--[src_cgi/login_cgi.c:161]--redis:[ip=127.0.0.1,port=6379]
[2025-02-21 17:37:07]--[src_cgi/login_cgi.c:185]--tmp = ke653084466827
[2025-02-21 17:37:07]--[src_cgi/login_cgi.c:201]--base64 = cosgmkG6pnw8fi8PNTiuSg==
[2025-02-21 17:37:07]--[src_cgi/login_cgi.c:303]--token = 339092e94166fa5a49aa2b90b4e5a429
[2025-02-21 17:40:23]--[src_cgi/login_cgi.c:288]--buf = {
    "pwd": "e10adc3949ba59abbe56e057f20f883e",
    "user": "ke6"
}

[2025-02-21 17:40:23]--[src_cgi/login_cgi.c:294]--user = ke6, pwd = e10adc3949ba59abbe56e057f20f883e
[2025-02-21 17:40:23]--[src_cgi/login_cgi.c:101]--mysql_user = root, mysql_pwd = 123, mysql_db = cloud_disk
[2025-02-21 17:40:23]--[src_cgi/login_cgi.c:161]--redis:[ip=127.0.0.1,port=6379]
[2025-02-21 17:40:23]--[src_cgi/login_cgi.c:185]--tmp = ke675769741057
[2025-02-21 17:40:23]--[src_cgi/login_cgi.c:201]--base64 = BpIE4NbJD3/GsvccwNPLQQ==
[2025-02-21 17:40:23]--[src_cgi/login_cgi.c:303]--token = 815340ec153595263a23ae8dd65650a8
[2025-02-21 23:44:55]--[src_cgi/login_cgi.c:288]--buf = {
    "pwd": "e10adc3949ba59abbe56e057f20f883e",
    "user": "ke6"
}

[2025-02-21 23:44:56]--[src_cgi/login_cgi.c:294]--user = ke6, pwd = e10adc3949ba59abbe56e057f20f883e
[2025-02-21 23:44:56]--[src_cgi/login_cgi.c:101]--mysql_user = root, mysql_pwd = 123, mysql_db = cloud_disk
[2025-02-21 23:44:56]--[src_cgi/login_cgi.c:161]--redis:[ip=127.0.0.1,port=6379]
[2025-02-21 23:44:56]--[src_cgi/login_cgi.c:185]--tmp = ke6153635538958
[2025-02-21 23:44:56]--[src_cgi/login_cgi.c:201]--base64 = AEHikDK+EIL0qwexNO5Krw==
[2025-02-21 23:44:56]--[src_cgi/login_cgi.c:303]--token = bcc1c71b638fcd09bcea1ae46a49d597
[2025-02-21 23:45:35]--[src_cgi/login_cgi.c:288]--buf = {
    "pwd": "e10adc3949ba59abbe56e057f20f883e",
    "user": "ke6"
}

[2025-02-21 23:45:35]--[src_cgi/login_cgi.c:294]--user = ke6, pwd = e10adc3949ba59abbe56e057f20f883e
[2025-02-21 23:45:35]--[src_cgi/login_cgi.c:101]--mysql_user = root, mysql_pwd = 123, mysql_db = cloud_disk
[2025-02-21 23:45:35]--[src_cgi/login_cgi.c:161]--redis:[ip=127.0.0.1,port=6379]
[2025-02-21 23:45:35]--[src_cgi/login_cgi.c:185]--tmp = ke6352962720356
[2025-02-21 23:45:35]--[src_cgi/login_cgi.c:201]--base64 = ENEGFpdMaYzUCulp4jjb3g==
[2025-02-21 23:45:35]--[src_cgi/login_cgi.c:303]--token = ba5df6556472693a81ed205b9cb9f5b4
[2025-02-21 23:46:03]--[src_cgi/login_cgi.c:288]--buf = {
    "pwd": "e10adc3949ba59abbe56e057f20f883e",
    "user": "ke6"
}

[2025-02-21 23:46:03]--[src_cgi/login_cgi.c:294]--user = ke6, pwd = e10adc3949ba59abbe56e057f20f883e
[2025-02-21 23:46:03]--[src_cgi/login_cgi.c:101]--mysql_user = root, mysql_pwd = 123, mysql_db = cloud_disk
[2025-02-21 23:46:03]--[src_cgi/login_cgi.c:161]--redis:[ip=127.0.0.1,port=6379]
[2025-02-21 23:46:03]--[src_cgi/login_cgi.c:185]--tmp = ke658822711
[2025-02-21 23:46:03]--[src_cgi/login_cgi.c:201]--base64 = SGSR3iXdnxoxH5D/VCCNQA==
[2025-02-21 23:46:03]--[src_cgi/login_cgi.c:303]--token = 25673be0707ef88fac8b8599df977b36
[2025-02-21 23:47:06]--[src_cgi/login_cgi.c:288]--buf = {
    "pwd": "e10adc3949ba59abbe56e057f20f883e",
    "user": "ke6"
}

[2025-02-21 23:47:06]--[src_cgi/login_cgi.c:294]--user = ke6, pwd = e10adc3949ba59abbe56e057f20f883e
[2025-02-21 23:47:06]--[src_cgi/login_cgi.c:101]--mysql_user = root, mysql_pwd = 123, mysql_db = cloud_disk
[2025-02-21 23:47:06]--[src_cgi/login_cgi.c:161]--redis:[ip=127.0.0.1,port=6379]
[2025-02-21 23:47:06]--[src_cgi/login_cgi.c:185]--tmp = ke6393395811704
[2025-02-21 23:47:06]--[src_cgi/login_cgi.c:201]--base64 = x5gqcg30ehLJOn3J9J+sNA==
[2025-02-21 23:47:06]--[src_cgi/login_cgi.c:303]--token = 9064a5a0eb0d5bc0b07575b16b7ac6b1
