[2025-02-23 07:46:45]--[src_cgi/myfiles_cgi.c:496]--cmd = count
[2025-02-23 07:46:45]--[src_cgi/myfiles_cgi.c:528]--buf = {
    "token": "d0049cca8d9c9e3dd69d507fefdec807",
    "user": "ke6"
}

[2025-02-23 07:46:45]--[src_cgi/myfiles_cgi.c:176]--line = 1
[2025-02-23 07:46:45]--[src_cgi/myfiles_cgi.c:496]--cmd = normal
[2025-02-23 07:46:45]--[src_cgi/myfiles_cgi.c:528]--buf = {
    "count": 1,
    "start": 0,
    "token": "d0049cca8d9c9e3dd69d507fefdec807",
    "user": "ke6"
}

[2025-02-23 07:46:45]--[src_cgi/myfiles_cgi.c:548]--user = ke6, token = d0049cca8d9c9e3dd69d507fefdec807, start = 0, count = 1
[2025-02-23 07:46:45]--[src_cgi/myfiles_cgi.c:306]--select user_file_list.*, file_info.url, file_info.size, file_info.type from file_info, user_file_list where user = 'ke6' and file_info.md5 = user_file_list.md5 limit 0, 1 在操作
[2025-02-23 07:46:45]--[src_cgi/myfiles_cgi.c:428]--{
	"files":	[{
			"user":	"ke6",
			"md5":	"f24b4c32c342d06c0747f1a801c46465",
			"time":	"2025-02-21 15:04:57",
			"filename":	"VCG211250150369.jpg",
			"share_status":	1,
			"pv":	1,
			"url":	"http://192.168.226.139:80/group1/M00/00/00/wKjii2e4JZmAIqVvAAkib4Q2Pds625.jpg",
			"size":	598639,
			"type":	"jpg"
		}]
}
[2025-02-23 07:47:11]--[src_cgi/myfiles_cgi.c:496]--cmd = count
[2025-02-23 07:47:11]--[src_cgi/myfiles_cgi.c:528]--buf = {
    "token": "d0049cca8d9c9e3dd69d507fefdec807",
    "user": "ke6"
}

[2025-02-23 07:47:11]--[src_cgi/myfiles_cgi.c:176]--line = 1
[2025-02-23 07:47:11]--[src_cgi/myfiles_cgi.c:496]--cmd = normal
[2025-02-23 07:47:11]--[src_cgi/myfiles_cgi.c:528]--buf = {
    "count": 1,
    "start": 0,
    "token": "d0049cca8d9c9e3dd69d507fefdec807",
    "user": "ke6"
}

[2025-02-23 07:47:11]--[src_cgi/myfiles_cgi.c:548]--user = ke6, token = d0049cca8d9c9e3dd69d507fefdec807, start = 0, count = 1
[2025-02-23 07:47:11]--[src_cgi/myfiles_cgi.c:306]--select user_file_list.*, file_info.url, file_info.size, file_info.type from file_info, user_file_list where user = 'ke6' and file_info.md5 = user_file_list.md5 limit 0, 1 在操作
[2025-02-23 07:47:11]--[src_cgi/myfiles_cgi.c:428]--{
	"files":	[{
			"user":	"ke6",
			"md5":	"f24b4c32c342d06c0747f1a801c46465",
			"time":	"2025-02-21 15:04:57",
			"filename":	"VCG211250150369.jpg",
			"share_status":	0,
			"pv":	1,
			"url":	"http://192.168.226.139:80/group1/M00/00/00/wKjii2e4JZmAIqVvAAkib4Q2Pds625.jpg",
			"size":	598639,
			"type":	"jpg"
		}]
}
[2025-02-23 07:47:19]--[src_cgi/myfiles_cgi.c:496]--cmd = count
[2025-02-23 07:47:19]--[src_cgi/myfiles_cgi.c:528]--buf = {
    "token": "d0049cca8d9c9e3dd69d507fefdec807",
    "user": "ke6"
}

[2025-02-23 07:47:19]--[src_cgi/myfiles_cgi.c:176]--line = 1
[2025-02-23 07:47:19]--[src_cgi/myfiles_cgi.c:496]--cmd = normal
[2025-02-23 07:47:19]--[src_cgi/myfiles_cgi.c:528]--buf = {
    "count": 1,
    "start": 0,
    "token": "d0049cca8d9c9e3dd69d507fefdec807",
    "user": "ke6"
}

[2025-02-23 07:47:19]--[src_cgi/myfiles_cgi.c:548]--user = ke6, token = d0049cca8d9c9e3dd69d507fefdec807, start = 0, count = 1
[2025-02-23 07:47:19]--[src_cgi/myfiles_cgi.c:306]--select user_file_list.*, file_info.url, file_info.size, file_info.type from file_info, user_file_list where user = 'ke6' and file_info.md5 = user_file_list.md5 limit 0, 1 在操作
[2025-02-23 07:47:19]--[src_cgi/myfiles_cgi.c:428]--{
	"files":	[{
			"user":	"ke6",
			"md5":	"f24b4c32c342d06c0747f1a801c46465",
			"time":	"2025-02-21 15:04:57",
			"filename":	"VCG211250150369.jpg",
			"share_status":	1,
			"pv":	1,
			"url":	"http://192.168.226.139:80/group1/M00/00/00/wKjii2e4JZmAIqVvAAkib4Q2Pds625.jpg",
			"size":	598639,
			"type":	"jpg"
		}]
}
