[2025-02-22 00:12:53]--[src_cgi/sharefiles_cgi.c:42]--mysql:[user=root,pwd=123,database=cloud_disk][2025-02-22 00:12:53]--[src_cgi/sharefiles_cgi.c:47]--redis:[ip=127.0.0.1,port=6379]
[2025-02-22 00:18:54]--[src_cgi/sharefiles_cgi.c:42]--mysql:[user=root,pwd=123,database=cloud_disk][2025-02-22 00:18:54]--[src_cgi/sharefiles_cgi.c:47]--redis:[ip=127.0.0.1,port=6379]
[2025-02-22 00:47:27]--[src_cgi/sharefiles_cgi.c:42]--mysql:[user=root,pwd=123,database=cloud_disk][2025-02-22 00:47:27]--[src_cgi/sharefiles_cgi.c:47]--redis:[ip=127.0.0.1,port=6379]
[2025-02-22 01:00:06]--[src_cgi/sharefiles_cgi.c:42]--mysql:[user=root,pwd=123,database=cloud_disk][2025-02-22 01:00:06]--[src_cgi/sharefiles_cgi.c:47]--redis:[ip=127.0.0.1,port=6379]
[2025-02-22 01:44:20]--[src_cgi/sharefiles_cgi.c:42]--mysql:[user=root,pwd=123,database=cloud_disk][2025-02-22 01:44:20]--[src_cgi/sharefiles_cgi.c:47]--redis:[ip=127.0.0.1,port=6379]
[2025-02-22 01:45:09]--[src_cgi/sharefiles_cgi.c:598]--cmd = count
[2025-02-22 01:45:09]--[src_cgi/sharefiles_cgi.c:85]--line = 1
[2025-02-22 01:45:09]--[src_cgi/sharefiles_cgi.c:598]--cmd = normal
[2025-02-22 01:45:09]--[src_cgi/sharefiles_cgi.c:636]--buf = {
    "count": 1,
    "start": 0
}

[2025-02-22 01:45:09]--[src_cgi/sharefiles_cgi.c:645]--start = 0, count = 1
[2025-02-22 01:45:09]--[src_cgi/sharefiles_cgi.c:172]--select share_file_list.*, file_info.url, file_info.size, file_info.type from file_info, share_file_list where file_info.md5 = share_file_list.md5 limit 0, 1 在操作
[2025-02-22 01:45:10]--[src_cgi/sharefiles_cgi.c:292]--{
	"files":	[{
			"user":	"ke6",
			"md5":	"f24b4c32c342d06c0747f1a801c46465",
			"time":	"2025-02-21 15:06:30",
			"filename":	"VCG211250150369.jpg",
			"share_status":	1,
			"pv":	1,
			"url":	"http://192.168.226.139:80/group1/M00/00/00/wKjii2e4JZmAIqVvAAkib4Q2Pds625.jpg",
			"size":	598639,
			"type":	"jpg"
		}]
}
[2025-02-22 02:00:22]--[src_cgi/sharefiles_cgi.c:598]--cmd = count
[2025-02-22 02:00:22]--[src_cgi/sharefiles_cgi.c:85]--line = 1
[2025-02-22 02:00:22]--[src_cgi/sharefiles_cgi.c:598]--cmd = normal
[2025-02-22 02:00:22]--[src_cgi/sharefiles_cgi.c:636]--buf = {
    "count": 1,
    "start": 0
}

[2025-02-22 02:00:22]--[src_cgi/sharefiles_cgi.c:645]--start = 0, count = 1
[2025-02-22 02:00:22]--[src_cgi/sharefiles_cgi.c:172]--select share_file_list.*, file_info.url, file_info.size, file_info.type from file_info, share_file_list where file_info.md5 = share_file_list.md5 limit 0, 1 在操作
[2025-02-22 02:00:22]--[src_cgi/sharefiles_cgi.c:292]--{
	"files":	[{
			"user":	"ke6",
			"md5":	"f24b4c32c342d06c0747f1a801c46465",
			"time":	"2025-02-21 15:06:30",
			"filename":	"VCG211250150369.jpg",
			"share_status":	1,
			"pv":	1,
			"url":	"http://192.168.226.139:80/group1/M00/00/00/wKjii2e4JZmAIqVvAAkib4Q2Pds625.jpg",
			"size":	598639,
			"type":	"jpg"
		}]
}
[2025-02-22 02:00:25]--[src_cgi/sharefiles_cgi.c:598]--cmd = count
[2025-02-22 02:00:25]--[src_cgi/sharefiles_cgi.c:85]--line = 1
[2025-02-22 02:00:25]--[src_cgi/sharefiles_cgi.c:598]--cmd = pvdesc
[2025-02-22 02:00:25]--[src_cgi/sharefiles_cgi.c:636]--buf = {
    "count": 1,
    "start": 0
}

[2025-02-22 02:00:25]--[src_cgi/sharefiles_cgi.c:645]--start = 0, count = 1
[2025-02-22 02:00:25]--[src_cgi/sharefiles_cgi.c:399]--sql_num = 1, redis_num = 1
[2025-02-22 02:00:25]--[src_cgi/sharefiles_cgi.c:529]--{
	"files":	[{
			"filename":	"VCG211250150369.jpg",
			"pv":	1
		}]
}
[2025-02-22 02:00:28]--[src_cgi/sharefiles_cgi.c:598]--cmd = count
[2025-02-22 02:00:28]--[src_cgi/sharefiles_cgi.c:85]--line = 1
[2025-02-22 02:00:28]--[src_cgi/sharefiles_cgi.c:598]--cmd = pvdesc
[2025-02-22 02:00:28]--[src_cgi/sharefiles_cgi.c:636]--buf = {
    "count": 1,
    "start": 0
}

[2025-02-22 02:00:28]--[src_cgi/sharefiles_cgi.c:645]--start = 0, count = 1
[2025-02-22 02:00:28]--[src_cgi/sharefiles_cgi.c:399]--sql_num = 1, redis_num = 1
[2025-02-22 02:00:28]--[src_cgi/sharefiles_cgi.c:529]--{
	"files":	[{
			"filename":	"VCG211250150369.jpg",
			"pv":	1
		}]
}
[2025-02-22 02:00:28]--[src_cgi/sharefiles_cgi.c:598]--cmd = count
[2025-02-22 02:00:28]--[src_cgi/sharefiles_cgi.c:85]--line = 1
[2025-02-22 02:00:28]--[src_cgi/sharefiles_cgi.c:598]--cmd = normal
[2025-02-22 02:00:28]--[src_cgi/sharefiles_cgi.c:636]--buf = {
    "count": 1,
    "start": 0
}

[2025-02-22 02:00:28]--[src_cgi/sharefiles_cgi.c:645]--start = 0, count = 1
[2025-02-22 02:00:28]--[src_cgi/sharefiles_cgi.c:172]--select share_file_list.*, file_info.url, file_info.size, file_info.type from file_info, share_file_list where file_info.md5 = share_file_list.md5 limit 0, 1 在操作
[2025-02-22 02:00:28]--[src_cgi/sharefiles_cgi.c:292]--{
	"files":	[{
			"user":	"ke6",
			"md5":	"f24b4c32c342d06c0747f1a801c46465",
			"time":	"2025-02-21 15:06:30",
			"filename":	"VCG211250150369.jpg",
			"share_status":	1,
			"pv":	1,
			"url":	"http://192.168.226.139:80/group1/M00/00/00/wKjii2e4JZmAIqVvAAkib4Q2Pds625.jpg",
			"size":	598639,
			"type":	"jpg"
		}]
}
[2025-02-22 02:00:29]--[src_cgi/sharefiles_cgi.c:598]--cmd = count
[2025-02-22 02:00:29]--[src_cgi/sharefiles_cgi.c:85]--line = 1
[2025-02-22 02:00:29]--[src_cgi/sharefiles_cgi.c:598]--cmd = normal
[2025-02-22 02:00:29]--[src_cgi/sharefiles_cgi.c:636]--buf = {
    "count": 1,
    "start": 0
}

[2025-02-22 02:00:29]--[src_cgi/sharefiles_cgi.c:645]--start = 0, count = 1
[2025-02-22 02:00:29]--[src_cgi/sharefiles_cgi.c:172]--select share_file_list.*, file_info.url, file_info.size, file_info.type from file_info, share_file_list where file_info.md5 = share_file_list.md5 limit 0, 1 在操作
[2025-02-22 02:00:29]--[src_cgi/sharefiles_cgi.c:292]--{
	"files":	[{
			"user":	"ke6",
			"md5":	"f24b4c32c342d06c0747f1a801c46465",
			"time":	"2025-02-21 15:06:30",
			"filename":	"VCG211250150369.jpg",
			"share_status":	1,
			"pv":	1,
			"url":	"http://192.168.226.139:80/group1/M00/00/00/wKjii2e4JZmAIqVvAAkib4Q2Pds625.jpg",
			"size":	598639,
			"type":	"jpg"
		}]
}
[2025-02-22 02:00:32]--[src_cgi/sharefiles_cgi.c:598]--cmd = count
[2025-02-22 02:00:32]--[src_cgi/sharefiles_cgi.c:85]--line = 1
[2025-02-22 02:00:32]--[src_cgi/sharefiles_cgi.c:598]--cmd = normal
[2025-02-22 02:00:32]--[src_cgi/sharefiles_cgi.c:636]--buf = {
    "count": 1,
    "start": 0
}

[2025-02-22 02:00:32]--[src_cgi/sharefiles_cgi.c:645]--start = 0, count = 1
[2025-02-22 02:00:32]--[src_cgi/sharefiles_cgi.c:172]--select share_file_list.*, file_info.url, file_info.size, file_info.type from file_info, share_file_list where file_info.md5 = share_file_list.md5 limit 0, 1 在操作
[2025-02-22 02:00:32]--[src_cgi/sharefiles_cgi.c:292]--{
	"files":	[{
			"user":	"ke6",
			"md5":	"f24b4c32c342d06c0747f1a801c46465",
			"time":	"2025-02-21 15:06:30",
			"filename":	"VCG211250150369.jpg",
			"share_status":	1,
			"pv":	1,
			"url":	"http://192.168.226.139:80/group1/M00/00/00/wKjii2e4JZmAIqVvAAkib4Q2Pds625.jpg",
			"size":	598639,
			"type":	"jpg"
		}]
}
